<?xml version="1.0" encoding="UTF-8"?>
<Site BuildName="(empty)"
	BuildStamp="20250718-1402-Experimental"
	Name="(empty)"
	Generator="ctest-4.0.3"
	CompilerName=""
	CompilerVersion=""
	OSName="Windows"
	Hostname="tyler"
	OSRelease=" Professional"
	OSVersion=" (Build 26100)"
	OSPlatform="AMD64"
	Is64Bits="1"
	VendorString=""
	VendorID="Unknown Manufacturer"
	FamilyID="0"
	ModelID="0"
	ModelName=""
	ProcessorCacheSize="0"
	NumberOfLogicalCPU="16"
	NumberOfPhysicalCPU="12"
	TotalVirtualMemory="34416"
	TotalPhysicalMemory="32368"
	LogicalProcessorsPerPhysical="1"
	ProcessorClockFrequency="2803"
	>
	<Testing>
		<StartDateTime>Jul 18 10:02 Eastern Daylight Time</StartDateTime>
		<StartTestTime>1752847364</StartTestTime>
		<TestList/>
		<EndDateTime>Jul 18 10:02 Eastern Daylight Time</EndDateTime>
		<EndTestTime>1752847364</EndTestTime>
		<ElapsedMinutes>0</ElapsedMinutes>
	</Testing>
</Site>
